<?xml version="1.0" encoding="UTF-8"?>
<!-- Generated by org.testng.reporters.JUnitReportReporter -->
<testsuite hostname="DESKTOP-KQ7RV25" failures="0" tests="1" name="automationTestPage.Callings" time="344.504" errors="0" timestamp="2024-02-07T17:41:21 IST" skipped="0">
  <testcase classname="automationTestPage.Callings" name="test" time="344.504"/>
  <system-out/>
</testsuite> <!-- automationTestPage.Callings -->
