<?xml version="1.0" encoding="UTF-8"?>
<!-- Generated by org.testng.reporters.JUnitReportReporter -->
<testsuite hostname="DESKTOP-KQ7RV25" failures="0" tests="1" name="callingAutomationExercise.Callings" time="409.263" errors="0" timestamp="2024-02-03T23:18:48 IST" skipped="0">
  <testcase classname="callingAutomationExercise.Callings" name="test" time="409.263"/>
  <system-out/>
</testsuite> <!-- callingAutomationExercise.Callings -->
